[0m[[0mdebug[0m] [0mRunning TaskDef(com.knol.core.impl.KnolImptest, org.scalatest.tools.Framework$$anon$1@67153bd9, false, [SuiteSelector])[0m
[0m[[0mdebug[0m] [0mRunning TaskDef(com.knol.core.impl.SessionImptest, org.scalatest.tools.Framework$$anon$1@67153bd9, false, [SuiteSelector])[0m
[0m[[0mdebug[0m] [0mRunning TaskDef(com.knol.core.impl.knolSessionTest, org.scalatest.tools.Framework$$anon$1@67153bd9, false, [SuiteSelector])[0m
[0m[[0minfo[0m] [0m[36mRun completed in 1 second, 730 milliseconds.[0m[0m
[0m[[0minfo[0m] [0m[36mTotal number of tests run: 9[0m[0m
[0m[[0minfo[0m] [0m[36mSuites: completed 3, aborted 0[0m[0m
[0m[[0minfo[0m] [0m[36mTests: succeeded 8, failed 1, canceled 0, ignored 0, pending 0[0m[0m
[0m[[0minfo[0m] [0m[31m*** 1 TEST FAILED ***[0m[0m
[0m[[0mdebug[0m] [0mPassed tests:[0m
[0m[[0mdebug[0m] [0m	com.knol.core.impl.knolSessionTest[0m
[0m[[0mdebug[0m] [0m	com.knol.core.impl.SessionImptest[0m
[0m[[31merror[0m] [0mFailed tests:[0m
[0m[[31merror[0m] [0m	com.knol.core.impl.KnolImptest[0m
[0m[[31merror[0m] [0m(test:[31mtest[0m) sbt.TestsFailedException: Tests unsuccessful[0m
