<?xml version="1.0"?>
<!DOCTYPE coverage SYSTEM "http://cobertura.sourceforge.net/xml/coverage-04.dtd">
<coverage line-rate="0.89" lines-covered="201" lines-valid="178" branches-covered="16" branches-valid="16" branch-rate="1.00" complexity="0" version="1.0" timestamp="1423468073869">
      <sources>
        <source>/src/main/scala</source>
      </sources>
      <packages>
        <package name="com.knol.core.impl" line-rate="0.88" branch-rate="1.00" complexity="0">
      <classes>
        <class name="KnolRepoImpl" filename="src/main/scala/com/knol/core/impl/KnolImp.scala" line-rate="0.86" branch-rate="1.00" complexity="0">
      <methods>
        <method name="com.knol.core.impl/KnolRepoImpl/delete" signature="()V" line-rate="0.78" branch-rate="1.00">
      <lines>
        <line number="91" hits="1" branch="false"/><line number="99" hits="1" branch="false"/><line number="104" hits="0" branch="false"/><line number="101" hits="1" branch="false"/><line number="108" hits="0" branch="false"/><line number="98" hits="1" branch="false"/><line number="100" hits="1" branch="false"/><line number="93" hits="1" branch="false"/><line number="97" hits="1" branch="false"/>
      </lines>
    </method><method name="com.knol.core.impl/KnolRepoImpl/getList" signature="()V" line-rate="0.92" branch-rate="1.00">
      <lines>
        <line number="139" hits="0" branch="false"/><line number="129" hits="1" branch="false"/><line number="120" hits="1" branch="false"/><line number="130" hits="1" branch="false"/><line number="127" hits="1" branch="false"/><line number="132" hits="1" branch="false"/><line number="130" hits="1" branch="false"/><line number="130" hits="1" branch="false"/><line number="130" hits="1" branch="false"/><line number="123" hits="1" branch="false"/><line number="129" hits="1" branch="false"/><line number="130" hits="1" branch="false"/><line number="130" hits="1" branch="false"/><line number="129" hits="1" branch="false"/><line number="132" hits="1" branch="false"/><line number="130" hits="1" branch="false"/><line number="126" hits="1" branch="false"/><line number="121" hits="1" branch="false"/><line number="129" hits="1" branch="false"/><line number="130" hits="1" branch="false"/><line number="128" hits="1" branch="false"/><line number="130" hits="1" branch="false"/><line number="134" hits="0" branch="false"/><line number="130" hits="1" branch="false"/><line number="130" hits="1" branch="false"/>
      </lines>
    </method><method name="com.knol.core.impl/KnolRepoImpl/create" signature="()V" line-rate="0.71" branch-rate="1.00">
      <lines>
        <line number="38" hits="0" branch="false"/><line number="34" hits="1" branch="false"/><line number="42" hits="0" branch="false"/><line number="32" hits="1" branch="false"/><line number="48" hits="1" branch="false"/><line number="35" hits="1" branch="false"/><line number="33" hits="1" branch="false"/><line number="33" hits="1" branch="false"/><line number="37" hits="0" branch="false"/><line number="34" hits="1" branch="false"/><line number="40" hits="0" branch="false"/><line number="31" hits="1" branch="false"/><line number="35" hits="1" branch="false"/><line number="29" hits="1" branch="false"/><line number="43" hits="0" branch="false"/><line number="35" hits="1" branch="false"/><line number="27" hits="1" branch="false"/><line number="36" hits="1" branch="false"/><line number="33" hits="1" branch="false"/><line number="34" hits="1" branch="false"/><line number="39" hits="0" branch="false"/>
      </lines>
    </method><method name="com.knol.core.impl/KnolRepoImpl/update" signature="()V" line-rate="0.90" branch-rate="1.00">
      <lines>
        <line number="66" hits="1" branch="false"/><line number="69" hits="1" branch="false"/><line number="67" hits="1" branch="false"/><line number="70" hits="1" branch="false"/><line number="68" hits="1" branch="false"/><line number="74" hits="0" branch="false"/><line number="72" hits="1" branch="false"/><line number="69" hits="1" branch="false"/><line number="78" hits="0" branch="false"/><line number="65" hits="1" branch="false"/><line number="70" hits="1" branch="false"/><line number="67" hits="1" branch="false"/><line number="68" hits="1" branch="false"/><line number="71" hits="1" branch="false"/><line number="68" hits="1" branch="false"/><line number="62" hits="1" branch="false"/><line number="60" hits="1" branch="false"/><line number="69" hits="1" branch="false"/><line number="70" hits="1" branch="false"/><line number="67" hits="1" branch="false"/>
      </lines>
    </method><method name="com.knol.core.impl/KnolRepoImpl/&lt;none&gt;" signature="()V" line-rate="1.00" branch-rate="1.00">
      <lines>
        <line number="18" hits="1" branch="false"/><line number="13" hits="1" branch="false"/><line number="15" hits="1" branch="false"/><line number="14" hits="1" branch="false"/><line number="17" hits="1" branch="false"/><line number="12" hits="1" branch="false"/><line number="14" hits="1" branch="false"/><line number="16" hits="1" branch="false"/>
      </lines>
    </method>
      </methods>
      <lines>
        <line number="139" hits="0" branch="false"/><line number="38" hits="0" branch="false"/><line number="129" hits="1" branch="false"/><line number="91" hits="1" branch="false"/><line number="120" hits="1" branch="false"/><line number="130" hits="1" branch="false"/><line number="66" hits="1" branch="false"/><line number="69" hits="1" branch="false"/><line number="99" hits="1" branch="false"/><line number="127" hits="1" branch="false"/><line number="67" hits="1" branch="false"/><line number="18" hits="1" branch="false"/><line number="70" hits="1" branch="false"/><line number="34" hits="1" branch="false"/><line number="42" hits="0" branch="false"/><line number="132" hits="1" branch="false"/><line number="130" hits="1" branch="false"/><line number="32" hits="1" branch="false"/><line number="130" hits="1" branch="false"/><line number="104" hits="0" branch="false"/><line number="68" hits="1" branch="false"/><line number="48" hits="1" branch="false"/><line number="74" hits="0" branch="false"/><line number="35" hits="1" branch="false"/><line number="13" hits="1" branch="false"/><line number="130" hits="1" branch="false"/><line number="15" hits="1" branch="false"/><line number="33" hits="1" branch="false"/><line number="72" hits="1" branch="false"/><line number="123" hits="1" branch="false"/><line number="101" hits="1" branch="false"/><line number="129" hits="1" branch="false"/><line number="130" hits="1" branch="false"/><line number="108" hits="0" branch="false"/><line number="130" hits="1" branch="false"/><line number="69" hits="1" branch="false"/><line number="78" hits="0" branch="false"/><line number="14" hits="1" branch="false"/><line number="33" hits="1" branch="false"/><line number="37" hits="0" branch="false"/><line number="65" hits="1" branch="false"/><line number="129" hits="1" branch="false"/><line number="34" hits="1" branch="false"/><line number="17" hits="1" branch="false"/><line number="132" hits="1" branch="false"/><line number="130" hits="1" branch="false"/><line number="98" hits="1" branch="false"/><line number="70" hits="1" branch="false"/><line number="40" hits="0" branch="false"/><line number="67" hits="1" branch="false"/><line number="126" hits="1" branch="false"/><line number="31" hits="1" branch="false"/><line number="68" hits="1" branch="false"/><line number="12" hits="1" branch="false"/><line number="35" hits="1" branch="false"/><line number="29" hits="1" branch="false"/><line number="121" hits="1" branch="false"/><line number="129" hits="1" branch="false"/><line number="130" hits="1" branch="false"/><line number="128" hits="1" branch="false"/><line number="71" hits="1" branch="false"/><line number="100" hits="1" branch="false"/><line number="130" hits="1" branch="false"/><line number="134" hits="0" branch="false"/><line number="43" hits="0" branch="false"/><line number="68" hits="1" branch="false"/><line number="35" hits="1" branch="false"/><line number="27" hits="1" branch="false"/><line number="62" hits="1" branch="false"/><line number="93" hits="1" branch="false"/><line number="36" hits="1" branch="false"/><line number="14" hits="1" branch="false"/><line number="33" hits="1" branch="false"/><line number="130" hits="1" branch="false"/><line number="60" hits="1" branch="false"/><line number="69" hits="1" branch="false"/><line number="130" hits="1" branch="false"/><line number="34" hits="1" branch="false"/><line number="70" hits="1" branch="false"/><line number="97" hits="1" branch="false"/><line number="39" hits="0" branch="false"/><line number="67" hits="1" branch="false"/><line number="16" hits="1" branch="false"/>
      </lines>
    </class><class name="KnolSessionImp" filename="src/main/scala/com/knol/core/impl/KnolSessionImp.scala" line-rate="0.92" branch-rate="1.00" complexity="0">
      <methods>
        <method name="com.knol.core.impl/KnolSessionImp/retreive" signature="()V" line-rate="0.92" branch-rate="1.00">
      <lines>
        <line number="29" hits="1" branch="false"/><line number="29" hits="1" branch="false"/><line number="29" hits="1" branch="false"/><line number="28" hits="1" branch="false"/><line number="17" hits="1" branch="false"/><line number="25" hits="1" branch="false"/><line number="29" hits="1" branch="false"/><line number="34" hits="0" branch="false"/><line number="31" hits="1" branch="false"/><line number="29" hits="1" branch="false"/><line number="38" hits="0" branch="false"/><line number="28" hits="1" branch="false"/><line number="29" hits="1" branch="false"/><line number="28" hits="1" branch="false"/><line number="29" hits="1" branch="false"/><line number="24" hits="1" branch="false"/><line number="18" hits="1" branch="false"/><line number="29" hits="1" branch="false"/><line number="31" hits="1" branch="false"/><line number="27" hits="1" branch="false"/><line number="29" hits="1" branch="false"/><line number="20" hits="1" branch="false"/><line number="29" hits="1" branch="false"/><line number="28" hits="1" branch="false"/>
      </lines>
    </method><method name="com.knol.core.impl/KnolSessionImp/&lt;none&gt;" signature="()V" line-rate="1.00" branch-rate="1.00">
      <lines>
        <line number="15" hits="1" branch="false"/><line number="15" hits="1" branch="false"/>
      </lines>
    </method>
      </methods>
      <lines>
        <line number="29" hits="1" branch="false"/><line number="29" hits="1" branch="false"/><line number="29" hits="1" branch="false"/><line number="28" hits="1" branch="false"/><line number="17" hits="1" branch="false"/><line number="25" hits="1" branch="false"/><line number="29" hits="1" branch="false"/><line number="34" hits="0" branch="false"/><line number="31" hits="1" branch="false"/><line number="29" hits="1" branch="false"/><line number="38" hits="0" branch="false"/><line number="28" hits="1" branch="false"/><line number="15" hits="1" branch="false"/><line number="29" hits="1" branch="false"/><line number="28" hits="1" branch="false"/><line number="29" hits="1" branch="false"/><line number="24" hits="1" branch="false"/><line number="18" hits="1" branch="false"/><line number="29" hits="1" branch="false"/><line number="31" hits="1" branch="false"/><line number="27" hits="1" branch="false"/><line number="29" hits="1" branch="false"/><line number="20" hits="1" branch="false"/><line number="15" hits="1" branch="false"/><line number="29" hits="1" branch="false"/><line number="28" hits="1" branch="false"/>
      </lines>
    </class><class name="SessionImp" filename="src/main/scala/com/knol/core/impl/SessionImp.scala" line-rate="0.89" branch-rate="1.00" complexity="0">
      <methods>
        <method name="com.knol.core.impl/SessionImp/&lt;none&gt;" signature="()V" line-rate="1.00" branch-rate="1.00">
      <lines>
        <line number="13" hits="1" branch="false"/><line number="14" hits="1" branch="false"/><line number="13" hits="1" branch="false"/>
      </lines>
    </method><method name="com.knol.core.impl/SessionImp/getListS" signature="()V" line-rate="0.91" branch-rate="1.00">
      <lines>
        <line number="122" hits="1" branch="false"/><line number="126" hits="0" branch="false"/><line number="113" hits="1" branch="false"/><line number="122" hits="1" branch="false"/><line number="120" hits="1" branch="false"/><line number="131" hits="0" branch="false"/><line number="122" hits="1" branch="false"/><line number="119" hits="1" branch="false"/><line number="122" hits="1" branch="false"/><line number="121" hits="1" branch="false"/><line number="124" hits="1" branch="false"/><line number="112" hits="1" branch="false"/><line number="122" hits="1" branch="false"/><line number="124" hits="1" branch="false"/><line number="122" hits="1" branch="false"/><line number="115" hits="1" branch="false"/><line number="118" hits="1" branch="false"/><line number="121" hits="1" branch="false"/><line number="121" hits="1" branch="false"/><line number="122" hits="1" branch="false"/><line number="121" hits="1" branch="false"/><line number="122" hits="1" branch="false"/>
      </lines>
    </method><method name="com.knol.core.impl/SessionImp/createS" signature="()V" line-rate="0.90" branch-rate="1.00">
      <lines>
        <line number="31" hits="1" branch="false"/><line number="36" hits="1" branch="false"/><line number="40" hits="0" branch="false"/><line number="32" hits="1" branch="false"/><line number="24" hits="1" branch="false"/><line number="33" hits="1" branch="false"/><line number="30" hits="1" branch="false"/><line number="32" hits="1" branch="false"/><line number="45" hits="0" branch="false"/><line number="29" hits="1" branch="false"/><line number="30" hits="1" branch="false"/><line number="35" hits="1" branch="false"/><line number="39" hits="1" branch="false"/><line number="31" hits="1" branch="false"/><line number="37" hits="1" branch="false"/><line number="31" hits="1" branch="false"/><line number="26" hits="1" branch="false"/><line number="28" hits="1" branch="false"/><line number="32" hits="1" branch="false"/><line number="34" hits="1" branch="false"/><line number="30" hits="1" branch="false"/>
      </lines>
    </method><method name="com.knol.core.impl/SessionImp/updateS" signature="()V" line-rate="0.90" branch-rate="1.00">
      <lines>
        <line number="63" hits="1" branch="false"/><line number="66" hits="1" branch="false"/><line number="64" hits="1" branch="false"/><line number="67" hits="1" branch="false"/><line number="56" hits="1" branch="false"/><line number="64" hits="1" branch="false"/><line number="70" hits="0" branch="false"/><line number="62" hits="1" branch="false"/><line number="65" hits="1" branch="false"/><line number="63" hits="1" branch="false"/><line number="66" hits="1" branch="false"/><line number="66" hits="1" branch="false"/><line number="63" hits="1" branch="false"/><line number="68" hits="1" branch="false"/><line number="64" hits="1" branch="false"/><line number="65" hits="1" branch="false"/><line number="74" hits="0" branch="false"/><line number="61" hits="1" branch="false"/><line number="58" hits="1" branch="false"/><line number="65" hits="1" branch="false"/>
      </lines>
    </method><method name="com.knol.core.impl/SessionImp/deleteS" signature="()V" line-rate="0.78" branch-rate="1.00">
      <lines>
        <line number="90" hits="1" branch="false"/><line number="93" hits="1" branch="false"/><line number="97" hits="0" branch="false"/><line number="84" hits="1" branch="false"/><line number="92" hits="1" branch="false"/><line number="91" hits="1" branch="false"/><line number="94" hits="1" branch="false"/><line number="101" hits="0" branch="false"/><line number="86" hits="1" branch="false"/>
      </lines>
    </method>
      </methods>
      <lines>
        <line number="63" hits="1" branch="false"/><line number="66" hits="1" branch="false"/><line number="122" hits="1" branch="false"/><line number="126" hits="0" branch="false"/><line number="90" hits="1" branch="false"/><line number="113" hits="1" branch="false"/><line number="13" hits="1" branch="false"/><line number="31" hits="1" branch="false"/><line number="36" hits="1" branch="false"/><line number="40" hits="0" branch="false"/><line number="32" hits="1" branch="false"/><line number="122" hits="1" branch="false"/><line number="93" hits="1" branch="false"/><line number="120" hits="1" branch="false"/><line number="24" hits="1" branch="false"/><line number="64" hits="1" branch="false"/><line number="67" hits="1" branch="false"/><line number="56" hits="1" branch="false"/><line number="33" hits="1" branch="false"/><line number="30" hits="1" branch="false"/><line number="131" hits="0" branch="false"/><line number="122" hits="1" branch="false"/><line number="119" hits="1" branch="false"/><line number="64" hits="1" branch="false"/><line number="70" hits="0" branch="false"/><line number="32" hits="1" branch="false"/><line number="45" hits="0" branch="false"/><line number="97" hits="0" branch="false"/><line number="122" hits="1" branch="false"/><line number="121" hits="1" branch="false"/><line number="29" hits="1" branch="false"/><line number="124" hits="1" branch="false"/><line number="112" hits="1" branch="false"/><line number="122" hits="1" branch="false"/><line number="30" hits="1" branch="false"/><line number="35" hits="1" branch="false"/><line number="62" hits="1" branch="false"/><line number="65" hits="1" branch="false"/><line number="84" hits="1" branch="false"/><line number="63" hits="1" branch="false"/><line number="39" hits="1" branch="false"/><line number="31" hits="1" branch="false"/><line number="66" hits="1" branch="false"/><line number="92" hits="1" branch="false"/><line number="14" hits="1" branch="false"/><line number="124" hits="1" branch="false"/><line number="66" hits="1" branch="false"/><line number="122" hits="1" branch="false"/><line number="91" hits="1" branch="false"/><line number="115" hits="1" branch="false"/><line number="37" hits="1" branch="false"/><line number="63" hits="1" branch="false"/><line number="31" hits="1" branch="false"/><line number="118" hits="1" branch="false"/><line number="121" hits="1" branch="false"/><line number="121" hits="1" branch="false"/><line number="68" hits="1" branch="false"/><line number="26" hits="1" branch="false"/><line number="94" hits="1" branch="false"/><line number="64" hits="1" branch="false"/><line number="28" hits="1" branch="false"/><line number="32" hits="1" branch="false"/><line number="122" hits="1" branch="false"/><line number="65" hits="1" branch="false"/><line number="34" hits="1" branch="false"/><line number="74" hits="0" branch="false"/><line number="101" hits="0" branch="false"/><line number="61" hits="1" branch="false"/><line number="30" hits="1" branch="false"/><line number="13" hits="1" branch="false"/><line number="121" hits="1" branch="false"/><line number="58" hits="1" branch="false"/><line number="122" hits="1" branch="false"/><line number="65" hits="1" branch="false"/><line number="86" hits="1" branch="false"/>
      </lines>
    </class>
      </classes>
    </package><package name="com.knol.db.connection" line-rate="0.94" branch-rate="1.00" complexity="0">
      <classes>
        <class name="Connectiondb" filename="src/main/scala/com/knol/db/connection/Connection.scala" line-rate="0.94" branch-rate="1.00" complexity="0">
      <methods>
        <method name="com.knol.db.connection/Connectiondb/getConnection" signature="()V" line-rate="0.90" branch-rate="1.00">
      <lines>
        <line number="22" hits="1" branch="false"/><line number="24" hits="1" branch="false"/><line number="23" hits="1" branch="false"/><line number="24" hits="1" branch="false"/><line number="26" hits="1" branch="false"/><line number="25" hits="1" branch="false"/><line number="23" hits="1" branch="false"/><line number="29" hits="0" branch="false"/><line number="24" hits="1" branch="false"/><line number="24" hits="1" branch="false"/>
      </lines>
    </method><method name="com.knol.db.connection/Connectiondb/&lt;none&gt;" signature="()V" line-rate="1.00" branch-rate="1.00">
      <lines>
        <line number="19" hits="1" branch="false"/><line number="14" hits="1" branch="false"/><line number="16" hits="1" branch="false"/><line number="19" hits="1" branch="false"/><line number="18" hits="1" branch="false"/><line number="15" hits="1" branch="false"/><line number="17" hits="1" branch="false"/>
      </lines>
    </method>
      </methods>
      <lines>
        <line number="22" hits="1" branch="false"/><line number="19" hits="1" branch="false"/><line number="24" hits="1" branch="false"/><line number="14" hits="1" branch="false"/><line number="23" hits="1" branch="false"/><line number="16" hits="1" branch="false"/><line number="24" hits="1" branch="false"/><line number="26" hits="1" branch="false"/><line number="19" hits="1" branch="false"/><line number="18" hits="1" branch="false"/><line number="25" hits="1" branch="false"/><line number="23" hits="1" branch="false"/><line number="29" hits="0" branch="false"/><line number="15" hits="1" branch="false"/><line number="24" hits="1" branch="false"/><line number="17" hits="1" branch="false"/><line number="24" hits="1" branch="false"/>
      </lines>
    </class>
      </classes>
    </package>
      </packages>
    </coverage>